SF:lib/data/account_data.dart
DA:8,2
LF:1
LH:1
end_of_record
SF:lib/data/category_budget.dart
DA:10,1
LF:1
LH:1
end_of_record
SF:lib/data/category_data.dart
DA:11,1
LF:1
LH:1
end_of_record
SF:lib/data/overview_data.dart
DA:8,1
LF:1
LH:1
end_of_record
SF:lib/data/user_data.dart
DA:6,2
LF:1
LH:1
end_of_record
SF:lib/model/home/home_screen_model.dart
DA:24,2
DA:26,3
DA:27,3
DA:28,3
DA:30,3
DA:31,3
DA:33,3
DA:34,3
DA:36,3
DA:37,1
DA:38,2
DA:40,1
DA:43,4
DA:45,1
DA:46,3
DA:53,2
DA:54,2
DA:56,3
DA:57,3
DA:58,1
DA:59,2
DA:60,3
DA:63,1
DA:64,2
DA:66,3
DA:67,4
DA:69,3
DA:70,2
DA:71,1
DA:74,1
DA:75,3
DA:78,1
DA:79,3
DA:80,5
DA:81,5
DA:82,2
DA:83,3
DA:84,1
LF:38
LH:38
end_of_record
SF:lib/ui/home/view_model/home_page_view_model.dart
DA:16,2
DA:17,2
DA:22,1
DA:24,1
DA:26,3
DA:28,1
DA:29,2
DA:32,4
DA:34,1
DA:35,2
DA:36,1
DA:39,1
DA:41,2
DA:42,0
DA:43,0
DA:44,0
DA:45,0
DA:46,0
DA:47,0
DA:49,0
DA:50,0
DA:51,0
DA:55,1
DA:56,2
DA:57,1
DA:58,1
DA:59,2
DA:60,2
DA:61,0
DA:63,0
DA:68,1
DA:69,2
DA:70,1
DA:71,1
DA:73,2
DA:74,2
DA:75,2
DA:77,0
DA:82,3
DA:83,3
LF:40
LH:28
end_of_record
SF:lib/main.dart
DA:4,0
DA:5,0
DA:9,3
DA:11,1
DA:13,1
DA:15,1
DA:16,1
LF:7
LH:5
end_of_record
SF:lib/bases/list_property.dart
DA:4,1
DA:6,0
DA:7,0
DA:8,0
DA:11,0
DA:12,0
DA:13,0
LF:7
LH:1
end_of_record
SF:lib/bases/property.dart
DA:7,0
DA:9,2
DA:10,2
DA:11,4
DA:14,4
DA:16,2
LF:6
LH:5
end_of_record
SF:lib/bases/model.dart
DA:11,2
DA:13,6
DA:15,2
DA:16,4
DA:19,1
DA:20,2
LF:6
LH:6
end_of_record
SF:lib/bases/repository_provider.dart
DA:5,4
DA:7,2
DA:9,2
DA:10,2
LF:4
LH:4
end_of_record
SF:lib/bases/view_model.dart
DA:8,4
DA:10,2
DA:11,6
DA:16,2
LF:4
LH:4
end_of_record
SF:lib/bases/view_model_state.dart
DA:9,4
DA:11,2
DA:13,2
DA:15,4
DA:18,2
DA:20,2
DA:21,4
DA:27,2
DA:31,2
DA:33,2
DA:35,4
LF:11
LH:11
end_of_record
SF:lib/data/loading_data.dart
DA:5,1
LF:1
LH:1
end_of_record
SF:lib/ui/home/view/screen/home_screen.dart
DA:7,2
DA:11,1
DA:12,1
DA:16,1
DA:18,3
DA:20,1
DA:22,1
DA:24,2
DA:27,1
DA:29,1
DA:30,1
DA:31,3
DA:32,3
DA:33,2
DA:34,2
DA:35,3
DA:36,1
DA:37,3
DA:38,3
DA:39,1
DA:47,0
DA:48,0
LF:22
LH:20
end_of_record
SF:lib/model/account/account_screen_model.dart
DA:12,3
DA:14,3
DA:15,3
DA:17,3
DA:18,3
DA:20,1
DA:21,2
DA:22,2
DA:23,2
DA:26,1
DA:27,7
LF:11
LH:11
end_of_record
SF:lib/ui/account/view/screen/account_screen.dart
DA:9,1
DA:11,1
DA:12,1
DA:17,1
DA:19,3
DA:21,1
DA:23,1
DA:24,1
DA:26,3
DA:27,3
DA:29,2
DA:30,1
DA:31,2
DA:32,1
DA:33,4
LF:15
LH:15
end_of_record
SF:lib/ui/account/view_model/account_screen_view_model.dart
DA:11,2
DA:12,2
DA:17,1
DA:19,1
DA:21,3
DA:23,1
DA:24,1
DA:26,2
DA:28,1
DA:29,1
DA:33,1
DA:34,1
DA:36,3
DA:39,1
DA:40,1
DA:42,3
DA:45,1
DA:46,2
DA:47,2
DA:48,2
DA:50,1
DA:54,1
DA:55,2
LF:23
LH:23
end_of_record
SF:lib/ui/account/view_model/repository/account_screen_app_repository.dart
DA:6,1
DA:9,1
DA:10,1
LF:3
LH:3
end_of_record
SF:lib/ui/common/loading_component.dart
DA:7,1
DA:9,1
DA:11,1
DA:14,2
DA:16,1
DA:18,3
LF:6
LH:6
end_of_record
SF:lib/ui/home/view/components/account_list_drawer.dart
DA:10,1
DA:17,0
DA:19,0
DA:20,0
DA:21,0
DA:24,0
DA:26,0
DA:27,0
DA:29,0
DA:31,0
DA:33,0
DA:34,0
DA:37,0
DA:38,0
DA:39,0
DA:40,0
DA:41,0
DA:43,0
DA:44,0
DA:45,0
DA:48,0
DA:50,0
DA:51,0
LF:23
LH:1
end_of_record
SF:lib/ui/home/view/components/category_budget_list_component.dart
DA:7,1
DA:9,1
DA:11,1
DA:13,2
DA:16,1
DA:17,1
DA:18,3
DA:19,3
DA:20,1
DA:22,1
DA:23,3
DA:24,3
DA:26,1
LF:13
LH:13
end_of_record
SF:lib/ui/home/view/components/monthly_report_component.dart
DA:7,1
DA:9,1
DA:11,1
DA:12,1
DA:14,1
DA:17,1
DA:20,1
DA:22,4
DA:26,1
DA:28,1
DA:29,1
DA:30,2
DA:31,1
DA:32,2
DA:34,1
DA:36,1
DA:37,3
DA:38,1
DA:39,2
DA:44,1
DA:45,1
DA:47,2
DA:48,1
DA:49,2
DA:50,2
DA:51,1
LF:26
LH:26
end_of_record
SF:lib/ui/home/view/page/monthly_budget_balance_list_page.dart
DA:4,2
DA:6,0
LF:2
LH:1
end_of_record
SF:lib/ui/home/view/page/overview_page.dart
DA:11,1
DA:16,1
DA:17,2
DA:20,1
DA:21,2
DA:24,1
DA:26,3
DA:27,1
DA:29,1
DA:30,2
LF:10
LH:10
end_of_record
SF:lib/ui/home/view/page/settings_page.dart
DA:4,2
DA:6,0
DA:8,0
LF:3
LH:1
end_of_record
SF:lib/ui/home/view_model/repository/home_page_app_repository.dart
DA:11,0
DA:13,0
DA:16,0
DA:18,0
DA:19,0
DA:25,0
DA:27,0
DA:30,0
DA:32,0
DA:33,0
DA:41,0
DA:44,0
DA:45,0
DA:46,0
DA:48,0
DA:55,0
DA:57,0
DA:64,0
DA:66,0
DA:73,0
DA:75,0
DA:82,0
DA:84,0
DA:94,0
DA:96,0
DA:97,0
DA:98,0
DA:100,0
LF:28
LH:0
end_of_record
