SF:lib/common/providers.dart
DA:11,2
DA:12,1
DA:13,2
DA:14,1
DA:15,0
DA:16,2
DA:17,1
DA:18,0
DA:19,2
DA:20,1
LF:10
LH:8
end_of_record
SF:lib/data/user_data.dart
DA:6,5
LF:1
LH:1
end_of_record
SF:lib/model/user/user_screen_model.dart
DA:11,3
DA:12,3
DA:13,3
DA:15,3
DA:16,3
DA:17,3
DA:19,1
DA:20,2
DA:21,2
DA:22,2
DA:25,1
DA:26,5
LF:12
LH:12
end_of_record
SF:lib/bases/list_property.dart
DA:4,2
DA:6,1
DA:7,2
DA:8,2
DA:11,1
DA:12,2
DA:13,2
LF:7
LH:7
end_of_record
SF:lib/bases/property.dart
DA:7,2
DA:9,4
DA:10,4
DA:11,8
DA:14,10
DA:16,5
LF:6
LH:6
end_of_record
SF:lib/bases/model.dart
DA:11,4
DA:13,12
DA:15,4
DA:16,8
DA:19,1
DA:20,2
LF:6
LH:6
end_of_record
SF:lib/bases/repository_provider.dart
DA:5,8
DA:7,8
LF:2
LH:2
end_of_record
SF:lib/bases/provider.dart
DA:5,16
DA:7,4
DA:9,4
DA:10,4
LF:4
LH:4
end_of_record
SF:lib/ui/account/view_model/repository/account_screen_app_repository.dart
DA:8,0
DA:11,0
DA:12,0
DA:13,0
DA:14,0
DA:15,0
DA:16,0
DA:17,0
DA:18,0
DA:19,0
DA:20,0
DA:21,0
DA:22,0
DA:24,0
DA:25,0
DA:26,0
DA:27,0
DA:28,0
DA:29,0
DA:30,0
DA:31,0
DA:32,0
LF:22
LH:0
end_of_record
SF:lib/ui/category/view_model/repository/category_screen_app_repository.dart
DA:8,0
DA:11,0
LF:2
LH:0
end_of_record
SF:lib/ui/home/view_model/repository/home_page_app_repository.dart
DA:18,0
DA:20,0
DA:21,0
DA:23,0
DA:28,0
DA:30,0
DA:31,0
DA:32,0
DA:33,0
DA:34,0
DA:35,0
DA:36,0
DA:37,0
DA:40,0
DA:42,0
DA:45,0
DA:47,0
DA:48,0
DA:56,0
DA:59,0
DA:60,0
DA:61,0
DA:63,0
DA:70,0
DA:72,0
DA:79,0
DA:81,0
DA:88,0
DA:90,0
DA:97,0
DA:99,0
DA:109,0
DA:111,0
DA:112,0
DA:113,0
DA:114,0
DA:115,0
DA:116,0
DA:117,0
DA:118,0
DA:119,0
DA:120,0
DA:121,0
DA:122,0
DA:123,0
DA:124,0
DA:125,0
DA:126,0
DA:127,0
DA:128,0
DA:133,0
DA:136,0
DA:137,0
DA:140,0
DA:145,0
DA:146,0
DA:149,0
DA:154,0
DA:155,0
DA:158,0
DA:163,0
DA:164,0
DA:167,0
DA:172,0
DA:176,0
DA:179,0
DA:182,0
DA:184,0
DA:185,0
DA:190,0
DA:195,0
LF:71
LH:0
end_of_record
SF:lib/ui/user/view_model/repository/user_screen_app_repository.dart
DA:7,0
DA:10,0
DA:11,0
DA:12,0
DA:13,0
DA:15,0
DA:16,0
LF:7
LH:0
end_of_record
SF:lib/data/account_data.dart
DA:8,4
LF:1
LH:1
end_of_record
SF:lib/data/category_budget.dart
DA:10,1
LF:1
LH:1
end_of_record
SF:lib/data/category_data.dart
DA:11,3
LF:1
LH:1
end_of_record
SF:lib/data/overview_data.dart
DA:8,1
LF:1
LH:1
end_of_record
SF:lib/data/transaction_data.dart
DA:9,2
LF:1
LH:1
end_of_record
SF:lib/data/transaction_overview_data.dart
DA:7,1
LF:1
LH:1
end_of_record
SF:lib/database/app_database.g.dart
DA:11,0
DA:37,0
DA:38,0
DA:39,0
DA:40,0
DA:41,0
DA:44,0
DA:47,0
DA:48,0
DA:49,0
DA:50,0
DA:52,0
DA:53,0
DA:54,0
DA:56,0
DA:58,0
DA:59,0
DA:60,0
DA:62,0
DA:67,0
DA:68,0
DA:69,0
DA:71,0
DA:72,0
DA:73,0
DA:74,0
DA:75,0
DA:76,0
DA:77,0
DA:78,0
DA:82,0
DA:84,0
DA:92,0
DA:94,0
DA:96,0
DA:97,0
DA:98,0
DA:99,0
DA:103,0
DA:104,0
DA:105,0
DA:106,0
DA:107,0
DA:111,0
DA:113,0
DA:114,0
DA:115,0
DA:116,0
DA:117,0
DA:120,0
DA:122,0
DA:123,0
DA:124,0
DA:125,0
DA:126,0
DA:130,0
DA:131,0
DA:132,0
DA:133,0
DA:134,0
DA:136,0
DA:138,0
DA:139,0
DA:140,0
DA:141,0
DA:142,0
DA:143,0
DA:146,0
DA:147,0
DA:148,0
DA:151,0
DA:152,0
DA:153,0
DA:154,0
DA:161,0
DA:166,0
DA:170,0
DA:171,0
DA:172,0
DA:177,0
DA:178,0
DA:179,0
DA:180,0
DA:184,0
DA:186,0
DA:187,0
DA:188,0
DA:189,0
DA:193,0
DA:195,0
DA:196,0
DA:197,0
DA:199,0
DA:200,0
DA:202,0
DA:203,0
DA:208,0
DA:210,0
DA:211,0
DA:212,0
DA:213,0
DA:214,0
DA:215,0
DA:224,0
DA:253,0
DA:254,0
DA:255,0
DA:256,0
DA:257,0
DA:260,0
DA:263,0
DA:264,0
DA:265,0
DA:266,0
DA:268,0
DA:269,0
DA:270,0
DA:272,0
DA:274,0
DA:275,0
DA:276,0
DA:278,0
DA:280,0
DA:281,0
DA:282,0
DA:284,0
DA:289,0
DA:290,0
DA:291,0
DA:293,0
DA:294,0
DA:295,0
DA:296,0
DA:297,0
DA:298,0
DA:299,0
DA:300,0
DA:301,0
DA:302,0
DA:306,0
DA:308,0
DA:317,0
DA:322,0
DA:324,0
DA:325,0
DA:326,0
DA:327,0
DA:328,0
DA:332,0
DA:333,0
DA:334,0
DA:335,0
DA:336,0
DA:337,0
DA:341,0
DA:343,0
DA:344,0
DA:345,0
DA:346,0
DA:347,0
DA:348,0
DA:351,0
DA:353,0
DA:354,0
DA:355,0
DA:356,0
DA:357,0
DA:358,0
DA:362,0
DA:364,0
DA:365,0
DA:366,0
DA:367,0
DA:368,0
DA:370,0
DA:372,0
DA:373,0
DA:374,0
DA:375,0
DA:376,0
DA:377,0
DA:378,0
DA:381,0
DA:382,0
DA:383,0
DA:386,0
DA:387,0
DA:388,0
DA:389,0
DA:390,0
DA:398,0
DA:404,0
DA:409,0
DA:410,0
DA:411,0
DA:412,0
DA:418,0
DA:419,0
DA:420,0
DA:421,0
DA:422,0
DA:426,0
DA:431,0
DA:432,0
DA:433,0
DA:434,0
DA:435,0
DA:439,0
DA:441,0
DA:442,0
DA:443,0
DA:445,0
DA:446,0
DA:448,0
DA:449,0
DA:451,0
DA:452,0
DA:457,0
DA:459,0
DA:460,0
DA:461,0
DA:462,0
DA:463,0
DA:464,0
DA:465,0
DA:470,0
DA:475,0
DA:477,0
DA:478,0
DA:480,0
LF:230
LH:0
end_of_record
SF:lib/database/app_database.dart
DA:16,0
DA:20,0
DA:22,0
DA:24,0
DA:26,0
DA:30,0
DA:32,0
DA:35,0
DA:36,0
DA:39,0
DA:40,0
DA:45,0
DA:48,0
DA:50,0
LF:14
LH:0
end_of_record
SF:lib/database/data/db_account_data_class.dart
DA:5,0
DA:6,0
DA:7,0
DA:8,0
LF:4
LH:0
end_of_record
SF:lib/database/data/db_user_data.dart
DA:5,0
DA:6,0
DA:7,0
LF:3
LH:0
end_of_record
SF:lib/model/category/category_screen_model.dart
DA:15,3
DA:16,3
DA:17,3
DA:19,3
DA:20,3
DA:21,3
DA:23,1
DA:24,2
DA:25,2
DA:26,2
DA:27,2
DA:30,1
DA:31,2
DA:32,8
LF:14
LH:14
end_of_record
SF:lib/ui/category/view/screen/category_screen.dart
DA:8,1
DA:10,1
DA:11,1
DA:16,1
DA:18,1
DA:19,1
DA:21,3
DA:22,3
DA:23,2
DA:24,1
DA:25,0
DA:26,0
DA:31,1
DA:33,3
LF:14
LH:12
end_of_record
SF:lib/ui/category/view_model/category_screen_view_model.dart
DA:10,1
DA:12,1
DA:14,3
DA:16,1
DA:17,1
DA:19,1
DA:21,2
DA:24,1
DA:25,1
DA:27,3
DA:30,1
DA:31,2
DA:32,2
DA:33,2
DA:35,1
LF:15
LH:15
end_of_record
SF:lib/bases/view_model_state.dart
DA:9,6
DA:11,3
DA:13,3
DA:15,6
DA:18,3
DA:20,3
DA:23,3
DA:25,3
DA:26,6
DA:32,3
DA:36,3
DA:38,3
DA:40,6
LF:13
LH:13
end_of_record
SF:lib/bases/view_model.dart
DA:8,6
DA:10,3
DA:11,9
DA:16,3
LF:4
LH:4
end_of_record
SF:lib/bases/view_model_widget.dart
DA:6,1
LF:1
LH:1
end_of_record
SF:lib/data/loading_data.dart
DA:5,1
LF:1
LH:1
end_of_record
SF:lib/main.dart
DA:4,0
DA:5,0
DA:9,4
DA:11,1
DA:13,1
DA:15,1
DA:16,1
LF:7
LH:5
end_of_record
SF:lib/ui/home/view/screen/home_screen.dart
DA:11,6
DA:13,1
DA:14,1
DA:18,1
DA:19,1
DA:21,1
DA:23,1
DA:25,3
DA:26,0
DA:27,0
DA:28,0
DA:30,0
DA:31,0
DA:32,0
DA:37,1
DA:39,1
DA:40,1
DA:41,3
DA:42,3
DA:43,2
DA:44,2
DA:45,3
DA:46,1
DA:47,3
DA:49,3
DA:50,1
DA:58,1
DA:59,3
LF:28
LH:22
end_of_record
SF:lib/model/account/account_screen_model.dart
DA:12,3
DA:14,3
DA:15,3
DA:17,3
DA:18,3
DA:20,1
DA:21,2
DA:22,2
DA:23,2
DA:26,1
DA:27,7
LF:11
LH:11
end_of_record
SF:lib/model/home/home_screen_model.dart
DA:28,2
DA:30,3
DA:31,3
DA:32,3
DA:34,3
DA:35,3
DA:36,3
DA:37,3
DA:39,3
DA:41,3
DA:43,3
DA:44,1
DA:45,2
DA:47,1
DA:50,4
DA:52,1
DA:53,3
DA:60,2
DA:61,2
DA:63,3
DA:64,1
DA:65,2
DA:67,3
DA:68,3
DA:69,3
DA:70,3
DA:73,1
DA:74,3
DA:75,2
DA:78,1
DA:79,3
DA:80,4
DA:83,1
DA:84,2
DA:87,1
DA:88,3
DA:91,1
DA:92,3
DA:93,5
DA:94,5
DA:95,5
DA:96,2
DA:97,3
DA:98,5
DA:99,2
DA:101,1
LF:46
LH:46
end_of_record
SF:lib/ui/account/view/screen/account_screen.dart
DA:10,1
DA:12,1
DA:13,1
DA:18,1
DA:20,3
DA:22,1
DA:24,1
DA:25,1
DA:27,3
DA:28,3
DA:30,2
DA:31,1
DA:32,5
DA:33,1
DA:35,1
DA:36,0
LF:16
LH:15
end_of_record
SF:lib/ui/account/view_model/account_screen_view_model.dart
DA:12,1
DA:14,1
DA:16,3
DA:18,1
DA:19,1
DA:21,2
DA:23,1
DA:24,1
DA:28,1
DA:29,1
DA:31,3
DA:34,1
DA:35,1
DA:37,3
DA:40,1
DA:41,2
DA:42,2
DA:43,2
DA:45,1
DA:49,1
DA:50,2
LF:21
LH:21
end_of_record
SF:lib/ui/common/loading_component.dart
DA:7,1
DA:9,1
DA:11,1
DA:14,2
DA:16,1
DA:18,3
LF:6
LH:6
end_of_record
SF:lib/ui/home/view/components/account_list_drawer.dart
DA:10,1
DA:17,0
DA:19,0
DA:20,0
DA:21,0
DA:24,0
DA:26,0
DA:27,0
DA:29,0
DA:31,0
DA:33,0
DA:34,0
DA:37,0
DA:38,0
DA:39,0
DA:40,0
DA:41,0
DA:43,0
DA:44,0
DA:45,0
DA:48,0
DA:50,0
DA:51,0
LF:23
LH:1
end_of_record
SF:lib/ui/home/view/components/category_budget_list_component.dart
DA:7,1
DA:9,1
DA:11,1
DA:13,2
DA:16,1
DA:17,1
DA:18,3
DA:19,3
DA:20,1
DA:22,1
DA:23,3
DA:24,3
DA:26,1
LF:13
LH:13
end_of_record
SF:lib/ui/home/view/components/category_list_component.dart
DA:7,1
DA:9,1
DA:11,2
DA:12,1
DA:15,2
DA:17,1
DA:20,1
DA:21,3
DA:22,1
DA:23,5
DA:24,1
LF:11
LH:11
end_of_record
SF:lib/ui/home/view/components/monthly_report_component.dart
DA:7,1
DA:9,1
DA:11,1
DA:12,1
DA:14,1
DA:17,1
DA:20,1
DA:22,4
DA:26,1
DA:28,1
DA:29,1
DA:30,2
DA:31,1
DA:32,2
DA:34,1
DA:36,1
DA:37,3
DA:38,1
DA:39,2
DA:44,1
DA:45,1
DA:47,2
DA:48,1
DA:49,2
DA:50,2
DA:51,1
LF:26
LH:26
end_of_record
SF:lib/ui/home/view/page/monthly_budget_balance_list_page.dart
DA:11,1
DA:14,1
DA:16,2
DA:17,1
DA:18,1
DA:19,1
DA:20,2
DA:21,1
DA:22,2
DA:23,2
DA:24,1
DA:26,1
DA:27,3
DA:28,3
DA:30,4
DA:32,1
DA:33,2
DA:37,1
DA:38,2
DA:39,1
DA:41,1
DA:43,1
LF:22
LH:22
end_of_record
SF:lib/ui/home/view_model/home_screen_view_model.dart
DA:16,1
DA:18,1
DA:20,2
DA:22,1
DA:23,2
DA:24,2
DA:25,2
DA:28,4
DA:30,1
DA:31,2
DA:32,1
DA:35,1
DA:37,2
DA:38,0
DA:39,0
DA:40,0
DA:41,0
DA:42,0
DA:43,0
DA:45,0
DA:46,0
DA:47,0
DA:51,1
DA:52,2
DA:53,1
DA:54,1
DA:56,2
DA:57,2
DA:58,1
DA:59,1
DA:60,2
DA:61,1
DA:62,1
DA:66,1
DA:67,2
DA:68,1
DA:69,1
DA:71,2
DA:72,2
DA:73,2
DA:75,0
DA:80,3
DA:81,3
DA:83,3
LF:44
LH:34
end_of_record
SF:lib/ui/home/view/page/overview_page.dart
DA:13,1
DA:19,1
DA:20,2
DA:23,1
DA:24,2
DA:27,1
DA:29,3
DA:30,1
DA:32,1
DA:33,2
LF:10
LH:10
end_of_record
SF:lib/ui/home/view/page/settings_page.dart
DA:7,1
DA:9,1
DA:11,2
DA:12,3
LF:4
LH:4
end_of_record
SF:lib/ui/user/view/screen/user_screen.dart
DA:7,3
DA:9,0
DA:10,0
DA:14,0
DA:16,0
DA:17,0
DA:19,0
DA:20,0
DA:21,0
DA:22,0
DA:23,0
DA:24,0
DA:25,0
DA:29,0
DA:30,0
LF:15
LH:1
end_of_record
SF:lib/ui/user/view_model/user_screen_view_model.dart
DA:9,0
DA:11,0
DA:13,0
DA:15,0
DA:16,0
DA:18,0
DA:20,0
DA:21,0
DA:22,0
DA:26,0
DA:27,0
DA:29,0
DA:32,0
DA:33,0
DA:35,0
DA:38,0
DA:39,0
DA:41,0
DA:44,0
DA:45,0
DA:46,0
DA:47,0
DA:49,0
DA:53,0
LF:24
LH:0
end_of_record
